2022-05-13 19:58:48,971	INFO	Создается LRUCache
2022-05-13 19:58:48,971	INFO	LRUCache создан
2022-05-13 19:58:48,971	INFO	Добавляем элемент в список LRUCache
2022-05-13 19:58:48,971	INFO	Создается новый елемент двусвязного списка
2022-05-13 19:58:48,971	INFO	Новый елемент двусвязного списка создан
2022-05-13 19:58:48,971	INFO	Добавляем новый элемент в начало списка LRUCache
2022-05-13 19:58:48,987	INFO	Новый элемент в начало списка LRUCache добавлен
2022-05-13 19:58:48,987	INFO	Добавили новый элемент в LRUCache
2022-05-13 19:58:48,987	INFO	Добавляем элемент в список LRUCache
2022-05-13 19:58:48,987	INFO	Создается новый елемент двусвязного списка
2022-05-13 19:58:48,987	INFO	Новый елемент двусвязного списка создан
2022-05-13 19:58:48,987	INFO	Добавляем новый элемент в начало списка LRUCache
2022-05-13 19:58:48,987	INFO	Новый элемент в начало списка LRUCache добавлен
2022-05-13 19:58:48,987	INFO	Добавили новый элемент в LRUCache
2022-05-13 19:58:48,987	INFO	Пытаемся получить элемент из списка LRUCache
2022-05-13 19:58:48,987	INFO	Такого элемента в списке LRUCache нет
2022-05-13 19:58:48,987	INFO	Пытаемся получить элемент из списка LRUCache
2022-05-13 19:58:48,987	INFO	Вернули голову из списка LRUCache
2022-05-13 19:58:48,987	INFO	Пытаемся получить элемент из списка LRUCache
2022-05-13 19:58:48,987	INFO	Удаляем элемент из списка LRUCache
2022-05-13 19:58:48,987	INFO	Удаляем хвост списка LRUCache
2022-05-13 19:58:48,987	INFO	Добавляем новый элемент в начало списка LRUCache
2022-05-13 19:58:48,987	INFO	Новый элемент в начало списка LRUCache добавлен
2022-05-13 19:58:48,987	INFO	Вернули элемент из середины и назначили его головой списка LRUCache
2022-05-13 19:58:48,987	INFO	Добавляем элемент в список LRUCache
2022-05-13 19:58:48,987	INFO	Создается новый елемент двусвязного списка
2022-05-13 19:58:48,987	INFO	Новый елемент двусвязного списка создан
2022-05-13 19:58:48,987	INFO	Удаляем элемент из списка LRUCache
2022-05-13 19:58:48,987	INFO	Удаляем хвост списка LRUCache
2022-05-13 19:58:48,987	INFO	Добавляем новый элемент в начало списка LRUCache
2022-05-13 19:58:48,987	INFO	Новый элемент в начало списка LRUCache добавлен
2022-05-13 19:58:48,987	INFO	Добавили новый элемент в LRUCache
2022-05-13 19:58:48,987	INFO	Пытаемся получить элемент из списка LRUCache
2022-05-13 19:58:48,987	INFO	Вернули голову из списка LRUCache
2022-05-13 19:58:48,987	INFO	Пытаемся получить элемент из списка LRUCache
2022-05-13 19:58:49,003	INFO	Такого элемента в списке LRUCache нет
2022-05-13 19:58:49,003	INFO	Пытаемся получить элемент из списка LRUCache
2022-05-13 19:58:49,003	INFO	Удаляем элемент из списка LRUCache
2022-05-13 19:58:49,003	INFO	Удаляем хвост списка LRUCache
2022-05-13 19:58:49,003	INFO	Добавляем новый элемент в начало списка LRUCache
2022-05-13 19:58:49,003	INFO	Новый элемент в начало списка LRUCache добавлен
2022-05-13 19:58:49,003	INFO	Вернули элемент из середины и назначили его головой списка LRUCache
